[debug] [2025-07-01T20:52:15.642Z] ----------------------------------------------------------------------
[debug] [2025-07-01T20:52:15.655Z] Command:       C:\Program Files\nodejs\node.exe C:\Users\alexd\AppData\Roaming\npm\node_modules\firebase-tools\lib\bin\firebase.js deploy --only hosting
[debug] [2025-07-01T20:52:15.658Z] CLI Version:   14.6.0
[debug] [2025-07-01T20:52:15.658Z] Platform:      win32
[debug] [2025-07-01T20:52:15.659Z] Node Version:  v22.16.0
[debug] [2025-07-01T20:52:15.660Z] Time:          Tue Jul 01 2025 22:52:15 GMT+0200 (Midden-Europese zomertijd)
[debug] [2025-07-01T20:52:15.661Z] ----------------------------------------------------------------------
[debug] 
[debug] [2025-07-01T20:52:16.468Z] > command requires scopes: ["email","openid","https://www.googleapis.com/auth/cloudplatformprojects.readonly","https://www.googleapis.com/auth/firebase","https://www.googleapis.com/auth/cloud-platform"]
[debug] [2025-07-01T20:52:16.469Z] > authorizing via signed-in user (alexthevries@gmail.com)
[debug] [2025-07-01T20:52:16.469Z] [iam] checking project ai-verbatim for permissions ["firebase.projects.get","firebasehosting.sites.update"]
[debug] [2025-07-01T20:52:16.471Z] Checked if tokens are valid: true, expires at: 1751406367724
[debug] [2025-07-01T20:52:16.472Z] Checked if tokens are valid: true, expires at: 1751406367724
[debug] [2025-07-01T20:52:16.473Z] >>> [apiv2][query] POST https://cloudresourcemanager.googleapis.com/v1/projects/ai-verbatim:testIamPermissions [none]
[debug] [2025-07-01T20:52:16.474Z] >>> [apiv2][(partial)header] POST https://cloudresourcemanager.googleapis.com/v1/projects/ai-verbatim:testIamPermissions x-goog-quota-user=projects/ai-verbatim
[debug] [2025-07-01T20:52:16.474Z] >>> [apiv2][body] POST https://cloudresourcemanager.googleapis.com/v1/projects/ai-verbatim:testIamPermissions {"permissions":["firebase.projects.get","firebasehosting.sites.update"]}
[debug] [2025-07-01T20:52:17.325Z] <<< [apiv2][status] POST https://cloudresourcemanager.googleapis.com/v1/projects/ai-verbatim:testIamPermissions 200
[debug] [2025-07-01T20:52:17.325Z] <<< [apiv2][body] POST https://cloudresourcemanager.googleapis.com/v1/projects/ai-verbatim:testIamPermissions {"permissions":["firebase.projects.get","firebasehosting.sites.update"]}
[debug] [2025-07-01T20:52:17.326Z] Checked if tokens are valid: true, expires at: 1751406367724
[debug] [2025-07-01T20:52:17.326Z] Checked if tokens are valid: true, expires at: 1751406367724
[debug] [2025-07-01T20:52:17.327Z] >>> [apiv2][query] GET https://firebase.googleapis.com/v1beta1/projects/ai-verbatim [none]
[debug] [2025-07-01T20:52:17.733Z] <<< [apiv2][status] GET https://firebase.googleapis.com/v1beta1/projects/ai-verbatim 200
[debug] [2025-07-01T20:52:17.733Z] <<< [apiv2][body] GET https://firebase.googleapis.com/v1beta1/projects/ai-verbatim {"projectId":"ai-verbatim","projectNumber":"1081214572617","displayName":"AI verbatim","name":"projects/ai-verbatim","resources":{"hostingSite":"ai-verbatim"},"state":"ACTIVE","etag":"1_9e972493-ea83-4f96-8258-6ed4e2faddc7"}
[info] 
[info] === Deploying to 'ai-verbatim'...
[info] 
[info] i  deploying hosting 
[debug] [2025-07-01T20:52:17.742Z] Checked if tokens are valid: true, expires at: 1751406367724
[debug] [2025-07-01T20:52:17.742Z] Checked if tokens are valid: true, expires at: 1751406367724
[debug] [2025-07-01T20:52:17.742Z] >>> [apiv2][query] POST https://firebasehosting.googleapis.com/v1beta1/projects/-/sites/ai-verbatim/versions [none]
[debug] [2025-07-01T20:52:17.742Z] >>> [apiv2][body] POST https://firebasehosting.googleapis.com/v1beta1/projects/-/sites/ai-verbatim/versions {"status":"CREATED","labels":{"deployment-tool":"cli-firebase"}}
[debug] [2025-07-01T20:52:18.881Z] <<< [apiv2][status] POST https://firebasehosting.googleapis.com/v1beta1/projects/-/sites/ai-verbatim/versions 200
[debug] [2025-07-01T20:52:18.882Z] <<< [apiv2][body] POST https://firebasehosting.googleapis.com/v1beta1/projects/-/sites/ai-verbatim/versions {"name":"projects/1081214572617/sites/ai-verbatim/versions/a11c8fa237c03e86","status":"CREATED","config":{},"labels":{"deployment-tool":"cli-firebase"}}
[info] i  hosting[ai-verbatim]: beginning deploy... 
[info] i  hosting[ai-verbatim]: found 17 files in frontend/build 
[debug] [2025-07-01T20:52:18.928Z] [hosting] uploading with 200 concurrency
[debug] [2025-07-01T20:52:20.233Z] Checked if tokens are valid: true, expires at: 1751406367724
[debug] [2025-07-01T20:52:20.233Z] Checked if tokens are valid: true, expires at: 1751406367724
[debug] [2025-07-01T20:52:20.235Z] [hosting] hash cache [ZnJvbnRlbmRcYnVpbGQ] stored for 17 files
[debug] [2025-07-01T20:52:20.236Z] [hosting][hash queue][FINAL] {"max":1285,"min":8,"avg":93.3529411764706,"active":0,"complete":17,"success":17,"errored":0,"retried":0,"total":17,"elapsed":1299}
[debug] [2025-07-01T20:52:20.236Z] >>> [apiv2][query] POST https://firebasehosting.googleapis.com/v1beta1/projects/1081214572617/sites/ai-verbatim/versions/a11c8fa237c03e86:populateFiles [none]
[debug] [2025-07-01T20:52:20.236Z] >>> [apiv2][body] POST https://firebasehosting.googleapis.com/v1beta1/projects/1081214572617/sites/ai-verbatim/versions/a11c8fa237c03e86:populateFiles {"files":{"/verbatimlogov7.zip":"db10a1c6af9f0b749112ff9057019201a2d1e8a1777bdd527d9f82e7b80ef63d","/site.webmanifest":"65748f57e3a355ca3b5213dc1a8ab66a2a605f966aa3576f0c482129ce284b00","/manifest.json":"6792c906a221e3627b35a916de4740725fd917dac0bebaad67e08ae4bd822229","/favicon.ico":"9c76861fd4a44b8fbb06955bdfbaedec922c818ddeafc91b84e79490c2c46b08","/favicon-32x32.png":"ad292a79cc08a3e93561dd3aca206a7cc510bed330ca7b6f4d9cd490dd03b545","/favicon-16x16.png":"56caae32f26f0343ecf652ddc32a31f0f10f0e00334fd9b4121ec3c6410e7fec","/apple-touch-icon.png":"302aa317ec0d26ffb5313ddb3de74c1bb52361587b7a573dde4bd6e37c5c8eb2","/android-chrome-512x512.png":"7771145c49ed202d8f0442b891a5e64fee0601d700afcb8af36edc09c9398c45","/android-chrome-192x192.png":"43b729e51fcf36ef28ad64262ba1f155bb86328cb6ec0060e067317d7d3a2984","/agent4debate.png":"e13cd1089b6a1dcd6c9bc17cdf92d1ec2132e303124ab726f97d262db56572d5","/index.html":"329cb40260400d5a6bb080cb578b92a79a9d7336113f924e50fc27cd09d3323f","/asset-manifest.json":"eaa9ce1e28855aa355eb83985b77c82f8c0c5888b69504feec0fd7722f44ef3e","/static/js/main.2db1e07d.js.LICENSE.txt":"ef4f6cf2e9bf7c6ef4ccd8b3972e010cb0353d132add9f12c44b876a3a1fe459","/static/css/main.14deb180.css.map":"140f1a88931b961ffd1366df84555d334bb0c6c8e4f8e35c270b1032605d7632","/static/css/main.14deb180.css":"2c98317f86a8b80877dcb3520e7c0a124e69ca76e4158332847f307a32a4a05e","/static/js/main.2db1e07d.js":"9524e4d41927d50bd112751bdcc2f8e0472a2df13f90e84aa59a956c86e5074a","/static/js/main.2db1e07d.js.map":"64eeb2ee4cadaddcc976d2cf0b6de341172f5af55e7ebe0e9c00bf8034a9e082"}}
